[2m2025-10-22 14:35:39.863[0;39m [32mDEBUG[0;39m [35m56413[0;39m [2m---[0;39m [2m[           main][0;39m [36m.c.l.ClasspathLoggingApplicationListener[0;39m [2m:[0;39m Application started with classpath: [jar:file:/Users/mehdisalhi/Downloads/ssl-server_student/target/ssl-server-0.0.1-SNAPSHOT.jar!/BOOT-INF/classes!/, jar:file:/Users/mehdisalhi/Downloads/ssl-server_student/target/ssl-server-0.0.1-SNAPSHOT.jar!/BOOT-INF/lib/spring-boot-starter-data-rest-2.2.4.RELEASE.jar!/, jar:file:/Users/mehdisalhi/Downloads/ssl-server_student/target/ssl-server-0.0.1-SNAPSHOT.jar!/BOOT-INF/lib/spring-data-rest-webmvc-3.2.4.RELEASE.jar!/, jar:file:/Users/mehdisalhi/Downloads/ssl-server_student/target/ssl-server-0.0.1-SNAPSHOT.jar!/BOOT-INF/lib/spring-data-rest-core-3.2.4.RELEASE.jar!/, jar:file:/Users/mehdisalhi/Downloads/ssl-server_student/target/ssl-server-0.0.1-SNAPSHOT.jar!/BOOT-INF/lib/spring-tx-5.2.3.RELEASE.jar!/, jar:file:/Users/mehdisalhi/Downloads/ssl-server_student/target/ssl-server-0.0.1-SNAPSHOT.jar!/BOOT-INF/lib/spring-hateoas-1.0.3.RELEASE.jar!/, jar:file:/Users/mehdisalhi/Downloads/ssl-server_student/target/ssl-server-0.0.1-SNAPSHOT.jar!/BOOT-INF/lib/spring-data-commons-2.2.4.RELEASE.jar!/, jar:file:/Users/mehdisalhi/Downloads/ssl-server_student/target/ssl-server-0.0.1-SNAPSHOT.jar!/BOOT-INF/lib/spring-plugin-core-2.0.0.RELEASE.jar!/, jar:file:/Users/mehdisalhi/Downloads/ssl-server_student/target/ssl-server-0.0.1-SNAPSHOT.jar!/BOOT-INF/lib/evo-inflector-1.2.2.jar!/, jar:file:/Users/mehdisalhi/Downloads/ssl-server_student/target/ssl-server-0.0.1-SNAPSHOT.jar!/BOOT-INF/lib/jackson-databind-2.10.2.jar!/, jar:file:/Users/mehdisalhi/Downloads/ssl-server_student/target/ssl-server-0.0.1-SNAPSHOT.jar!/BOOT-INF/lib/jackson-core-2.10.2.jar!/, jar:file:/Users/mehdisalhi/Downloads/ssl-server_student/target/ssl-server-0.0.1-SNAPSHOT.jar!/BOOT-INF/lib/jackson-annotations-2.10.2.jar!/, jar:file:/Users/mehdisalhi/Downloads/ssl-server_student/target/ssl-server-0.0.1-SNAPSHOT.jar!/BOOT-INF/lib/slf4j-api-1.7.30.jar!/, jar:file:/Users/mehdisalhi/Downloads/ssl-server_student/target/ssl-server-0.0.1-SNAPSHOT.jar!/BOOT-INF/lib/spring-boot-starter-web-2.2.4.RELEASE.jar!/, jar:file:/Users/mehdisalhi/Downloads/ssl-server_student/target/ssl-server-0.0.1-SNAPSHOT.jar!/BOOT-INF/lib/spring-boot-starter-2.2.4.RELEASE.jar!/, jar:file:/Users/mehdisalhi/Downloads/ssl-server_student/target/ssl-server-0.0.1-SNAPSHOT.jar!/BOOT-INF/lib/spring-boot-2.2.4.RELEASE.jar!/, jar:file:/Users/mehdisalhi/Downloads/ssl-server_student/target/ssl-server-0.0.1-SNAPSHOT.jar!/BOOT-INF/lib/spring-boot-autoconfigure-2.2.4.RELEASE.jar!/, jar:file:/Users/mehdisalhi/Downloads/ssl-server_student/target/ssl-server-0.0.1-SNAPSHOT.jar!/BOOT-INF/lib/spring-boot-starter-logging-2.2.4.RELEASE.jar!/, jar:file:/Users/mehdisalhi/Downloads/ssl-server_student/target/ssl-server-0.0.1-SNAPSHOT.jar!/BOOT-INF/lib/logback-classic-1.2.3.jar!/, jar:file:/Users/mehdisalhi/Downloads/ssl-server_student/target/ssl-server-0.0.1-SNAPSHOT.jar!/BOOT-INF/lib/logback-core-1.2.3.jar!/, jar:file:/Users/mehdisalhi/Downloads/ssl-server_student/target/ssl-server-0.0.1-SNAPSHOT.jar!/BOOT-INF/lib/log4j-to-slf4j-2.12.1.jar!/, jar:file:/Users/mehdisalhi/Downloads/ssl-server_student/target/ssl-server-0.0.1-SNAPSHOT.jar!/BOOT-INF/lib/log4j-api-2.12.1.jar!/, jar:file:/Users/mehdisalhi/Downloads/ssl-server_student/target/ssl-server-0.0.1-SNAPSHOT.jar!/BOOT-INF/lib/jul-to-slf4j-1.7.30.jar!/, jar:file:/Users/mehdisalhi/Downloads/ssl-server_student/target/ssl-server-0.0.1-SNAPSHOT.jar!/BOOT-INF/lib/jakarta.annotation-api-1.3.5.jar!/, jar:file:/Users/mehdisalhi/Downloads/ssl-server_student/target/ssl-server-0.0.1-SNAPSHOT.jar!/BOOT-INF/lib/snakeyaml-1.25.jar!/, jar:file:/Users/mehdisalhi/Downloads/ssl-server_student/target/ssl-server-0.0.1-SNAPSHOT.jar!/BOOT-INF/lib/spring-boot-starter-json-2.2.4.RELEASE.jar!/, jar:file:/Users/mehdisalhi/Downloads/ssl-server_student/target/ssl-server-0.0.1-SNAPSHOT.jar!/BOOT-INF/lib/jackson-datatype-jdk8-2.10.2.jar!/, jar:file:/Users/mehdisalhi/Downloads/ssl-server_student/target/ssl-server-0.0.1-SNAPSHOT.jar!/BOOT-INF/lib/jackson-datatype-jsr310-2.10.2.jar!/, jar:file:/Users/mehdisalhi/Downloads/ssl-server_student/target/ssl-server-0.0.1-SNAPSHOT.jar!/BOOT-INF/lib/jackson-module-parameter-names-2.10.2.jar!/, jar:file:/Users/mehdisalhi/Downloads/ssl-server_student/target/ssl-server-0.0.1-SNAPSHOT.jar!/BOOT-INF/lib/spring-boot-starter-tomcat-2.2.4.RELEASE.jar!/, jar:file:/Users/mehdisalhi/Downloads/ssl-server_student/target/ssl-server-0.0.1-SNAPSHOT.jar!/BOOT-INF/lib/tomcat-embed-core-9.0.30.jar!/, jar:file:/Users/mehdisalhi/Downloads/ssl-server_student/target/ssl-server-0.0.1-SNAPSHOT.jar!/BOOT-INF/lib/tomcat-embed-el-9.0.30.jar!/, jar:file:/Users/mehdisalhi/Downloads/ssl-server_student/target/ssl-server-0.0.1-SNAPSHOT.jar!/BOOT-INF/lib/tomcat-embed-websocket-9.0.30.jar!/, jar:file:/Users/mehdisalhi/Downloads/ssl-server_student/target/ssl-server-0.0.1-SNAPSHOT.jar!/BOOT-INF/lib/spring-boot-starter-validation-2.2.4.RELEASE.jar!/, jar:file:/Users/mehdisalhi/Downloads/ssl-server_student/target/ssl-server-0.0.1-SNAPSHOT.jar!/BOOT-INF/lib/jakarta.validation-api-2.0.2.jar!/, jar:file:/Users/mehdisalhi/Downloads/ssl-server_student/target/ssl-server-0.0.1-SNAPSHOT.jar!/BOOT-INF/lib/hibernate-validator-6.0.18.Final.jar!/, jar:file:/Users/mehdisalhi/Downloads/ssl-server_student/target/ssl-server-0.0.1-SNAPSHOT.jar!/BOOT-INF/lib/jboss-logging-3.4.1.Final.jar!/, jar:file:/Users/mehdisalhi/Downloads/ssl-server_student/target/ssl-server-0.0.1-SNAPSHOT.jar!/BOOT-INF/lib/classmate-1.5.1.jar!/, jar:file:/Users/mehdisalhi/Downloads/ssl-server_student/target/ssl-server-0.0.1-SNAPSHOT.jar!/BOOT-INF/lib/spring-web-5.2.3.RELEASE.jar!/, jar:file:/Users/mehdisalhi/Downloads/ssl-server_student/target/ssl-server-0.0.1-SNAPSHOT.jar!/BOOT-INF/lib/spring-beans-5.2.3.RELEASE.jar!/, jar:file:/Users/mehdisalhi/Downloads/ssl-server_student/target/ssl-server-0.0.1-SNAPSHOT.jar!/BOOT-INF/lib/spring-webmvc-5.2.3.RELEASE.jar!/, jar:file:/Users/mehdisalhi/Downloads/ssl-server_student/target/ssl-server-0.0.1-SNAPSHOT.jar!/BOOT-INF/lib/spring-aop-5.2.3.RELEASE.jar!/, jar:file:/Users/mehdisalhi/Downloads/ssl-server_student/target/ssl-server-0.0.1-SNAPSHOT.jar!/BOOT-INF/lib/spring-context-5.2.3.RELEASE.jar!/, jar:file:/Users/mehdisalhi/Downloads/ssl-server_student/target/ssl-server-0.0.1-SNAPSHOT.jar!/BOOT-INF/lib/spring-expression-5.2.3.RELEASE.jar!/, jar:file:/Users/mehdisalhi/Downloads/ssl-server_student/target/ssl-server-0.0.1-SNAPSHOT.jar!/BOOT-INF/lib/json-path-2.4.0.jar!/, jar:file:/Users/mehdisalhi/Downloads/ssl-server_student/target/ssl-server-0.0.1-SNAPSHOT.jar!/BOOT-INF/lib/json-smart-2.3.jar!/, jar:file:/Users/mehdisalhi/Downloads/ssl-server_student/target/ssl-server-0.0.1-SNAPSHOT.jar!/BOOT-INF/lib/accessors-smart-1.2.jar!/, jar:file:/Users/mehdisalhi/Downloads/ssl-server_student/target/ssl-server-0.0.1-SNAPSHOT.jar!/BOOT-INF/lib/asm-5.0.4.jar!/, jar:file:/Users/mehdisalhi/Downloads/ssl-server_student/target/ssl-server-0.0.1-SNAPSHOT.jar!/BOOT-INF/lib/spring-core-5.2.3.RELEASE.jar!/, jar:file:/Users/mehdisalhi/Downloads/ssl-server_student/target/ssl-server-0.0.1-SNAPSHOT.jar!/BOOT-INF/lib/spring-jcl-5.2.3.RELEASE.jar!/]

  .   ____          _            __ _ _
 /\\ / ___'_ __ _ _(_)_ __  __ _ \ \ \ \
( ( )\___ | '_ | '_| | '_ \/ _` | \ \ \ \
 \\/  ___)| |_)| | | | | || (_| |  ) ) ) )
  '  |____| .__|_| |_|_| |_\__, | / / / /
 =========|_|==============|___/=/_/_/_/
[32m :: Spring Boot :: [39m      [2m (v2.2.4.RELEASE)[0;39m

[2m2025-10-22 14:35:39.900[0;39m [32m INFO[0;39m [35m56413[0;39m [2m---[0;39m [2m[           main][0;39m [36mcom.snhu.sslserver.SslServerApplication [0;39m [2m:[0;39m Starting SslServerApplication v0.0.1-SNAPSHOT on Mehdis-MacBook-Pro.local with PID 56413 (/Users/mehdisalhi/Downloads/ssl-server_student/target/ssl-server-0.0.1-SNAPSHOT.jar started by mehdisalhi in /Users/mehdisalhi/Downloads/ssl-server_student)
[2m2025-10-22 14:35:39.901[0;39m [32m INFO[0;39m [35m56413[0;39m [2m---[0;39m [2m[           main][0;39m [36mcom.snhu.sslserver.SslServerApplication [0;39m [2m:[0;39m No active profile set, falling back to default profiles: default
[2m2025-10-22 14:35:39.901[0;39m [32mDEBUG[0;39m [35m56413[0;39m [2m---[0;39m [2m[           main][0;39m [36mo.s.boot.SpringApplication              [0;39m [2m:[0;39m Loading source class com.snhu.sslserver.SslServerApplication
[2m2025-10-22 14:35:39.921[0;39m [32mDEBUG[0;39m [35m56413[0;39m [2m---[0;39m [2m[           main][0;39m [36mo.s.b.c.c.ConfigFileApplicationListener [0;39m [2m:[0;39m Loaded config file 'jar:file:/Users/mehdisalhi/Downloads/ssl-server_student/target/ssl-server-0.0.1-SNAPSHOT.jar!/BOOT-INF/classes!/application.properties' (classpath:/application.properties)
[2m2025-10-22 14:35:39.921[0;39m [32mDEBUG[0;39m [35m56413[0;39m [2m---[0;39m [2m[           main][0;39m [36mConfigServletWebServerApplicationContext[0;39m [2m:[0;39m Refreshing org.springframework.boot.web.servlet.context.AnnotationConfigServletWebServerApplicationContext@520a3426
WARNING: A restricted method in java.lang.System has been called
WARNING: java.lang.System::load has been called by org.apache.tomcat.jni.Library in an unnamed module (jar:file:/Users/mehdisalhi/Downloads/ssl-server_student/target/ssl-server-0.0.1-SNAPSHOT.jar!/BOOT-INF/lib/tomcat-embed-core-9.0.30.jar!/)
WARNING: Use --enable-native-access=ALL-UNNAMED to avoid a warning for callers in this module
WARNING: Restricted methods will be blocked in a future release unless native access is enabled

[2m2025-10-22 14:35:40.317[0;39m [32mDEBUG[0;39m [35m56413[0;39m [2m---[0;39m [2m[           main][0;39m [36m.s.b.w.e.t.TomcatServletWebServerFactory[0;39m [2m:[0;39m Code archive: /Users/mehdisalhi/Downloads/ssl-server_student/target/ssl-server-0.0.1-SNAPSHOT.jar
[2m2025-10-22 14:35:40.318[0;39m [32mDEBUG[0;39m [35m56413[0;39m [2m---[0;39m [2m[           main][0;39m [36m.s.b.w.e.t.TomcatServletWebServerFactory[0;39m [2m:[0;39m Code archive: /Users/mehdisalhi/Downloads/ssl-server_student/target/ssl-server-0.0.1-SNAPSHOT.jar
[2m2025-10-22 14:35:40.318[0;39m [32mDEBUG[0;39m [35m56413[0;39m [2m---[0;39m [2m[           main][0;39m [36m.s.b.w.e.t.TomcatServletWebServerFactory[0;39m [2m:[0;39m None of the document roots [src/main/webapp, public, static] point to a directory and will be ignored.
[2m2025-10-22 14:35:40.326[0;39m [32m INFO[0;39m [35m56413[0;39m [2m---[0;39m [2m[           main][0;39m [36mo.s.b.w.embedded.tomcat.TomcatWebServer [0;39m [2m:[0;39m Tomcat initialized with port(s): 8443 (https)
[2m2025-10-22 14:35:40.330[0;39m [32m INFO[0;39m [35m56413[0;39m [2m---[0;39m [2m[           main][0;39m [36mo.apache.catalina.core.StandardService  [0;39m [2m:[0;39m Starting service [Tomcat]
[2m2025-10-22 14:35:40.330[0;39m [32m INFO[0;39m [35m56413[0;39m [2m---[0;39m [2m[           main][0;39m [36morg.apache.catalina.core.StandardEngine [0;39m [2m:[0;39m Starting Servlet engine: [Apache Tomcat/9.0.30]
[2m2025-10-22 14:35:40.352[0;39m [32m INFO[0;39m [35m56413[0;39m [2m---[0;39m [2m[           main][0;39m [36mo.a.c.c.C.[Tomcat].[localhost].[/]      [0;39m [2m:[0;39m Initializing Spring embedded WebApplicationContext
[2m2025-10-22 14:35:40.352[0;39m [32mDEBUG[0;39m [35m56413[0;39m [2m---[0;39m [2m[           main][0;39m [36mo.s.web.context.ContextLoader           [0;39m [2m:[0;39m Published root WebApplicationContext as ServletContext attribute with name [org.springframework.web.context.WebApplicationContext.ROOT]
[2m2025-10-22 14:35:40.352[0;39m [32m INFO[0;39m [35m56413[0;39m [2m---[0;39m [2m[           main][0;39m [36mo.s.web.context.ContextLoader           [0;39m [2m:[0;39m Root WebApplicationContext: initialization completed in 431 ms
[2m2025-10-22 14:35:40.372[0;39m [32mDEBUG[0;39m [35m56413[0;39m [2m---[0;39m [2m[           main][0;39m [36mo.s.b.w.s.ServletContextInitializerBeans[0;39m [2m:[0;39m Mapping filters: characterEncodingFilter urls=[/*] order=-2147483648, formContentFilter urls=[/*] order=-9900, requestContextFilter urls=[/*] order=-105
[2m2025-10-22 14:35:40.372[0;39m [32mDEBUG[0;39m [35m56413[0;39m [2m---[0;39m [2m[           main][0;39m [36mo.s.b.w.s.ServletContextInitializerBeans[0;39m [2m:[0;39m Mapping servlets: dispatcherServlet urls=[/]
[2m2025-10-22 14:35:40.379[0;39m [32mDEBUG[0;39m [35m56413[0;39m [2m---[0;39m [2m[           main][0;39m [36mo.s.b.w.s.f.OrderedRequestContextFilter [0;39m [2m:[0;39m Filter 'requestContextFilter' configured for use
[2m2025-10-22 14:35:40.379[0;39m [32mDEBUG[0;39m [35m56413[0;39m [2m---[0;39m [2m[           main][0;39m [36ms.b.w.s.f.OrderedCharacterEncodingFilter[0;39m [2m:[0;39m Filter 'characterEncodingFilter' configured for use
[2m2025-10-22 14:35:40.379[0;39m [32mDEBUG[0;39m [35m56413[0;39m [2m---[0;39m [2m[           main][0;39m [36mo.s.b.w.s.f.OrderedFormContentFilter    [0;39m [2m:[0;39m Filter 'formContentFilter' configured for use
[2m2025-10-22 14:35:40.592[0;39m [32m INFO[0;39m [35m56413[0;39m [2m---[0;39m [2m[           main][0;39m [36mo.s.s.concurrent.ThreadPoolTaskExecutor [0;39m [2m:[0;39m Initializing ExecutorService 'applicationTaskExecutor'
[2m2025-10-22 14:35:40.600[0;39m [32mDEBUG[0;39m [35m56413[0;39m [2m---[0;39m [2m[           main][0;39m [36ms.w.s.m.m.a.RequestMappingHandlerAdapter[0;39m [2m:[0;39m ControllerAdvice beans: 0 @ModelAttribute, 0 @InitBinder, 1 RequestBodyAdvice, 1 ResponseBodyAdvice
[2m2025-10-22 14:35:40.624[0;39m [32mDEBUG[0;39m [35m56413[0;39m [2m---[0;39m [2m[           main][0;39m [36ms.w.s.m.m.a.RequestMappingHandlerMapping[0;39m [2m:[0;39m 3 mappings in 'requestMappingHandlerMapping'
[2m2025-10-22 14:35:40.646[0;39m [32mDEBUG[0;39m [35m56413[0;39m [2m---[0;39m [2m[           main][0;39m [36mo.s.w.s.handler.SimpleUrlHandlerMapping [0;39m [2m:[0;39m Patterns [/webjars/**, /**] in 'resourceHandlerMapping'
[2m2025-10-22 14:35:40.651[0;39m [32mDEBUG[0;39m [35m56413[0;39m [2m---[0;39m [2m[           main][0;39m [36m.m.m.a.ExceptionHandlerExceptionResolver[0;39m [2m:[0;39m ControllerAdvice beans: 1 @ExceptionHandler, 1 ResponseBodyAdvice
[2m2025-10-22 14:35:40.716[0;39m [32mDEBUG[0;39m [35m56413[0;39m [2m---[0;39m [2m[           main][0;39m [36mConditionEvaluationReportLoggingListener[0;39m [2m:[0;39m 


============================
CONDITIONS EVALUATION REPORT
============================


Positive matches:
-----------------

   AopAutoConfiguration matched:
      - @ConditionalOnProperty (spring.aop.auto=true) matched (OnPropertyCondition)

   AopAutoConfiguration.ClassProxyingConfiguration matched:
      - @ConditionalOnMissingClass did not find unwanted class 'org.aspectj.weaver.Advice' (OnClassCondition)
      - @ConditionalOnProperty (spring.aop.proxy-target-class=true) matched (OnPropertyCondition)

   DispatcherServletAutoConfiguration matched:
      - @ConditionalOnClass found required class 'org.springframework.web.servlet.DispatcherServlet' (OnClassCondition)
      - found 'session' scope (OnWebApplicationCondition)

   DispatcherServletAutoConfiguration.DispatcherServletConfiguration matched:
      - @ConditionalOnClass found required class 'javax.servlet.ServletRegistration' (OnClassCondition)
      - Default DispatcherServlet did not find dispatcher servlet beans (DispatcherServletAutoConfiguration.DefaultDispatcherServletCondition)

   DispatcherServletAutoConfiguration.DispatcherServletRegistrationConfiguration matched:
      - @ConditionalOnClass found required class 'javax.servlet.ServletRegistration' (OnClassCondition)
      - DispatcherServlet Registration did not find servlet registration bean (DispatcherServletAutoConfiguration.DispatcherServletRegistrationCondition)

   DispatcherServletAutoConfiguration.DispatcherServletRegistrationConfiguration#dispatcherServletRegistration matched:
      - @ConditionalOnBean (names: dispatcherServlet types: org.springframework.web.servlet.DispatcherServlet; SearchStrategy: all) found bean 'dispatcherServlet' (OnBeanCondition)

   EmbeddedWebServerFactoryCustomizerAutoConfiguration matched:
      - @ConditionalOnWebApplication (required) found 'session' scope (OnWebApplicationCondition)

   EmbeddedWebServerFactoryCustomizerAutoConfiguration.TomcatWebServerFactoryCustomizerConfiguration matched:
      - @ConditionalOnClass found required classes 'org.apache.catalina.startup.Tomcat', 'org.apache.coyote.UpgradeProtocol' (OnClassCondition)

   ErrorMvcAutoConfiguration matched:
      - @ConditionalOnClass found required classes 'javax.servlet.Servlet', 'org.springframework.web.servlet.DispatcherServlet' (OnClassCondition)
      - found 'session' scope (OnWebApplicationCondition)

   ErrorMvcAutoConfiguration#basicErrorController matched:
      - @ConditionalOnBean (types: org.springframework.boot.web.servlet.error.ErrorController; SearchStrategy: current) did not find any beans (OnBeanCondition)

   ErrorMvcAutoConfiguration#errorAttributes matched:
      - @ConditionalOnBean (types: org.springframework.boot.web.servlet.error.ErrorAttributes; SearchStrategy: current) did not find any beans (OnBeanCondition)

   ErrorMvcAutoConfiguration.DefaultErrorViewResolverConfiguration#conventionErrorViewResolver matched:
      - @ConditionalOnBean (types: org.springframework.web.servlet.DispatcherServlet; SearchStrategy: all) found bean 'dispatcherServlet'; @ConditionalOnBean (types: org.springframework.boot.autoconfigure.web.servlet.error.ErrorViewResolver; SearchStrategy: all) did not find any beans (OnBeanCondition)

   ErrorMvcAutoConfiguration.WhitelabelErrorViewConfiguration matched:
      - @ConditionalOnProperty (server.error.whitelabel.enabled) matched (OnPropertyCondition)
      - ErrorTemplate Missing did not find error template view (ErrorMvcAutoConfiguration.ErrorTemplateMissingCondition)

   ErrorMvcAutoConfiguration.WhitelabelErrorViewConfiguration#beanNameViewResolver matched:
      - @ConditionalOnBean (types: org.springframework.web.servlet.view.BeanNameViewResolver; SearchStrategy: all) did not find any beans (OnBeanCondition)

   ErrorMvcAutoConfiguration.WhitelabelErrorViewConfiguration#defaultErrorView matched:
      - @ConditionalOnBean (names: error; SearchStrategy: all) did not find any beans (OnBeanCondition)

   GenericCacheConfiguration matched:
      - Cache org.springframework.boot.autoconfigure.cache.GenericCacheConfiguration automatic cache type (CacheCondition)

   HttpEncodingAutoConfiguration matched:
      - @ConditionalOnClass found required class 'org.springframework.web.filter.CharacterEncodingFilter' (OnClassCondition)
      - found 'session' scope (OnWebApplicationCondition)
      - @ConditionalOnProperty (spring.http.encoding.enabled) matched (OnPropertyCondition)

   HttpEncodingAutoConfiguration#characterEncodingFilter matched:
      - @ConditionalOnBean (types: org.springframework.web.filter.CharacterEncodingFilter; SearchStrategy: all) did not find any beans (OnBeanCondition)

   HttpMessageConvertersAutoConfiguration matched:
      - @ConditionalOnClass found required class 'org.springframework.http.converter.HttpMessageConverter' (OnClassCondition)
      - NoneNestedConditions 0 matched 1 did not; NestedCondition on HttpMessageConvertersAutoConfiguration.NotReactiveWebApplicationCondition.ReactiveWebApplication did not find reactive web application classes (HttpMessageConvertersAutoConfiguration.NotReactiveWebApplicationCondition)

   HttpMessageConvertersAutoConfiguration#messageConverters matched:
      - @ConditionalOnBean (types: org.springframework.boot.autoconfigure.http.HttpMessageConverters; SearchStrategy: all) did not find any beans (OnBeanCondition)

   HttpMessageConvertersAutoConfiguration.StringHttpMessageConverterConfiguration matched:
      - @ConditionalOnClass found required class 'org.springframework.http.converter.StringHttpMessageConverter' (OnClassCondition)

   HttpMessageConvertersAutoConfiguration.StringHttpMessageConverterConfiguration#stringHttpMessageConverter matched:
      - @ConditionalOnBean (types: org.springframework.http.converter.StringHttpMessageConverter; SearchStrategy: all) did not find any beans (OnBeanCondition)

   HypermediaAutoConfiguration matched:
      - @ConditionalOnClass found required classes 'org.springframework.hateoas.EntityModel', 'org.springframework.web.bind.annotation.RequestMapping', 'org.springframework.web.servlet.mvc.method.annotation.RequestMappingHandlerAdapter', 'org.springframework.plugin.core.Plugin' (OnClassCondition)
      - @ConditionalOnWebApplication (required) found 'session' scope (OnWebApplicationCondition)

   HypermediaHttpMessageConverterConfiguration#halMessageConverterSupportedMediaTypeCustomizer matched:
      - @ConditionalOnProperty (spring.hateoas.use-hal-as-default-json-media-type) matched (OnPropertyCondition)

   JacksonAutoConfiguration matched:
      - @ConditionalOnClass found required class 'com.fasterxml.jackson.databind.ObjectMapper' (OnClassCondition)

   JacksonAutoConfiguration.Jackson2ObjectMapperBuilderCustomizerConfiguration matched:
      - @ConditionalOnClass found required class 'org.springframework.http.converter.json.Jackson2ObjectMapperBuilder' (OnClassCondition)

   JacksonAutoConfiguration.JacksonObjectMapperBuilderConfiguration matched:
      - @ConditionalOnClass found required class 'org.springframework.http.converter.json.Jackson2ObjectMapperBuilder' (OnClassCondition)

   JacksonAutoConfiguration.JacksonObjectMapperBuilderConfiguration#jacksonObjectMapperBuilder matched:
      - @ConditionalOnBean (types: org.springframework.http.converter.json.Jackson2ObjectMapperBuilder; SearchStrategy: all) did not find any beans (OnBeanCondition)

   JacksonAutoConfiguration.JacksonObjectMapperConfiguration matched:
      - @ConditionalOnClass found required class 'org.springframework.http.converter.json.Jackson2ObjectMapperBuilder' (OnClassCondition)

   JacksonAutoConfiguration.JacksonObjectMapperConfiguration#jacksonObjectMapper matched:
      - @ConditionalOnBean (types: com.fasterxml.jackson.databind.ObjectMapper; SearchStrategy: all) did not find any beans (OnBeanCondition)

   JacksonAutoConfiguration.ParameterNamesModuleConfiguration matched:
      - @ConditionalOnClass found required class 'com.fasterxml.jackson.module.paramnames.ParameterNamesModule' (OnClassCondition)

   JacksonAutoConfiguration.ParameterNamesModuleConfiguration#parameterNamesModule matched:
      - @ConditionalOnBean (types: com.fasterxml.jackson.module.paramnames.ParameterNamesModule; SearchStrategy: all) did not find any beans (OnBeanCondition)

   JacksonHttpMessageConvertersConfiguration.MappingJackson2HttpMessageConverterConfiguration matched:
      - @ConditionalOnClass found required class 'com.fasterxml.jackson.databind.ObjectMapper' (OnClassCondition)
      - @ConditionalOnProperty (spring.http.converters.preferred-json-mapper=jackson) matched (OnPropertyCondition)
      - @ConditionalOnBean (types: com.fasterxml.jackson.databind.ObjectMapper; SearchStrategy: all) found bean 'jacksonObjectMapper' (OnBeanCondition)

   JacksonHttpMessageConvertersConfiguration.MappingJackson2HttpMessageConverterConfiguration#mappingJackson2HttpMessageConverter matched:
      - @ConditionalOnBean (types: org.springframework.http.converter.json.MappingJackson2HttpMessageConverter ignored: org.springframework.hateoas.server.mvc.TypeConstrainedMappingJackson2HttpMessageConverter,org.springframework.data.rest.webmvc.alps.AlpsJsonHttpMessageConverter; SearchStrategy: all) did not find any beans (OnBeanCondition)

   MultipartAutoConfiguration matched:
      - @ConditionalOnClass found required classes 'javax.servlet.Servlet', 'org.springframework.web.multipart.support.StandardServletMultipartResolver', 'javax.servlet.MultipartConfigElement' (OnClassCondition)
      - found 'session' scope (OnWebApplicationCondition)
      - @ConditionalOnProperty (spring.servlet.multipart.enabled) matched (OnPropertyCondition)

   MultipartAutoConfiguration#multipartConfigElement matched:
      - @ConditionalOnBean (types: javax.servlet.MultipartConfigElement,org.springframework.web.multipart.commons.CommonsMultipartResolver; SearchStrategy: all) did not find any beans (OnBeanCondition)

   MultipartAutoConfiguration#multipartResolver matched:
      - @ConditionalOnBean (types: org.springframework.web.multipart.MultipartResolver; SearchStrategy: all) did not find any beans (OnBeanCondition)

   NoOpCacheConfiguration matched:
      - Cache org.springframework.boot.autoconfigure.cache.NoOpCacheConfiguration automatic cache type (CacheCondition)

   OAuth2ResourceServerAutoConfiguration matched:
      - found 'session' scope (OnWebApplicationCondition)

   PersistenceExceptionTranslationAutoConfiguration matched:
      - @ConditionalOnClass found required class 'org.springframework.dao.annotation.PersistenceExceptionTranslationPostProcessor' (OnClassCondition)

   PersistenceExceptionTranslationAutoConfiguration#persistenceExceptionTranslationPostProcessor matched:
      - @ConditionalOnProperty (spring.dao.exceptiontranslation.enabled) matched (OnPropertyCondition)
      - @ConditionalOnBean (types: org.springframework.dao.annotation.PersistenceExceptionTranslationPostProcessor; SearchStrategy: all) did not find any beans (OnBeanCondition)

   PropertyPlaceholderAutoConfiguration#propertySourcesPlaceholderConfigurer matched:
      - @ConditionalOnBean (types: org.springframework.context.support.PropertySourcesPlaceholderConfigurer; SearchStrategy: current) did not find any beans (OnBeanCondition)

   RepositoryRestMvcAutoConfiguration matched:
      - @ConditionalOnClass found required class 'org.springframework.data.rest.webmvc.config.RepositoryRestMvcConfiguration' (OnClassCondition)
      - found 'session' scope (OnWebApplicationCondition)
      - @ConditionalOnBean (types: org.springframework.data.rest.webmvc.config.RepositoryRestMvcConfiguration; SearchStrategy: all) did not find any beans (OnBeanCondition)

   RestTemplateAutoConfiguration matched:
      - @ConditionalOnClass found required class 'org.springframework.web.client.RestTemplate' (OnClassCondition)
      - NoneNestedConditions 0 matched 1 did not; NestedCondition on RestTemplateAutoConfiguration.NotReactiveWebApplicationCondition.ReactiveWebApplication did not find reactive web application classes (RestTemplateAutoConfiguration.NotReactiveWebApplicationCondition)

   RestTemplateAutoConfiguration#restTemplateBuilder matched:
      - @ConditionalOnBean (types: org.springframework.boot.web.client.RestTemplateBuilder; SearchStrategy: all) did not find any beans (OnBeanCondition)

   ServletWebServerFactoryAutoConfiguration matched:
      - @ConditionalOnClass found required class 'javax.servlet.ServletRequest' (OnClassCondition)
      - found 'session' scope (OnWebApplicationCondition)

   ServletWebServerFactoryAutoConfiguration#tomcatServletWebServerFactoryCustomizer matched:
      - @ConditionalOnClass found required class 'org.apache.catalina.startup.Tomcat' (OnClassCondition)

   ServletWebServerFactoryConfiguration.EmbeddedTomcat matched:
      - @ConditionalOnClass found required classes 'javax.servlet.Servlet', 'org.apache.catalina.startup.Tomcat', 'org.apache.coyote.UpgradeProtocol' (OnClassCondition)
      - @ConditionalOnBean (types: org.springframework.boot.web.servlet.server.ServletWebServerFactory; SearchStrategy: current) did not find any beans (OnBeanCondition)

   SimpleCacheConfiguration matched:
      - Cache org.springframework.boot.autoconfigure.cache.SimpleCacheConfiguration automatic cache type (CacheCondition)

   TaskExecutionAutoConfiguration matched:
      - @ConditionalOnClass found required class 'org.springframework.scheduling.concurrent.ThreadPoolTaskExecutor' (OnClassCondition)

   TaskExecutionAutoConfiguration#applicationTaskExecutor matched:
      - @ConditionalOnBean (types: java.util.concurrent.Executor; SearchStrategy: all) did not find any beans (OnBeanCondition)

   TaskExecutionAutoConfiguration#taskExecutorBuilder matched:
      - @ConditionalOnBean (types: org.springframework.boot.task.TaskExecutorBuilder; SearchStrategy: all) did not find any beans (OnBeanCondition)

   TaskSchedulingAutoConfiguration matched:
      - @ConditionalOnClass found required class 'org.springframework.scheduling.concurrent.ThreadPoolTaskScheduler' (OnClassCondition)

   TaskSchedulingAutoConfiguration#taskSchedulerBuilder matched:
      - @ConditionalOnBean (types: org.springframework.boot.task.TaskSchedulerBuilder; SearchStrategy: all) did not find any beans (OnBeanCondition)

   TransactionAutoConfiguration matched:
      - @ConditionalOnClass found required class 'org.springframework.transaction.PlatformTransactionManager' (OnClassCondition)

   TransactionAutoConfiguration#platformTransactionManagerCustomizers matched:
      - @ConditionalOnBean (types: org.springframework.boot.autoconfigure.transaction.TransactionManagerCustomizers; SearchStrategy: all) did not find any beans (OnBeanCondition)

   ValidationAutoConfiguration matched:
      - @ConditionalOnClass found required class 'javax.validation.executable.ExecutableValidator' (OnClassCondition)
      - @ConditionalOnResource found location classpath:META-INF/services/javax.validation.spi.ValidationProvider (OnResourceCondition)

   ValidationAutoConfiguration#defaultValidator matched:
      - @ConditionalOnBean (types: javax.validation.Validator; SearchStrategy: all) did not find any beans (OnBeanCondition)

   ValidationAutoConfiguration#methodValidationPostProcessor matched:
      - @ConditionalOnBean (types: org.springframework.validation.beanvalidation.MethodValidationPostProcessor; SearchStrategy: all) did not find any beans (OnBeanCondition)

   WebMvcAutoConfiguration matched:
      - @ConditionalOnClass found required classes 'javax.servlet.Servlet', 'org.springframework.web.servlet.DispatcherServlet', 'org.springframework.web.servlet.config.annotation.WebMvcConfigurer' (OnClassCondition)
      - found 'session' scope (OnWebApplicationCondition)
      - @ConditionalOnBean (types: org.springframework.web.servlet.config.annotation.WebMvcConfigurationSupport; SearchStrategy: all) did not find any beans (OnBeanCondition)

   WebMvcAutoConfiguration#formContentFilter matched:
      - @ConditionalOnProperty (spring.mvc.formcontent.filter.enabled) matched (OnPropertyCondition)
      - @ConditionalOnBean (types: org.springframework.web.filter.FormContentFilter; SearchStrategy: all) did not find any beans (OnBeanCondition)

   WebMvcAutoConfiguration.WebMvcAutoConfigurationAdapter#defaultViewResolver matched:
      - @ConditionalOnBean (types: org.springframework.web.servlet.view.InternalResourceViewResolver; SearchStrategy: all) did not find any beans (OnBeanCondition)

   WebMvcAutoConfiguration.WebMvcAutoConfigurationAdapter#requestContextFilter matched:
      - @ConditionalOnBean (types: org.springframework.web.context.request.RequestContextListener,org.springframework.web.filter.RequestContextFilter; SearchStrategy: all) did not find any beans (OnBeanCondition)

   WebMvcAutoConfiguration.WebMvcAutoConfigurationAdapter#viewResolver matched:
      - @ConditionalOnBean (types: org.springframework.web.servlet.ViewResolver; SearchStrategy: all) found beans 'defaultViewResolver', 'beanNameViewResolver', 'mvcViewResolver'; @ConditionalOnBean (names: viewResolver types: org.springframework.web.servlet.view.ContentNegotiatingViewResolver; SearchStrategy: all) did not find any beans (OnBeanCondition)

   WebSocketServletAutoConfiguration matched:
      - @ConditionalOnClass found required classes 'javax.servlet.Servlet', 'javax.websocket.server.ServerContainer' (OnClassCondition)
      - found 'session' scope (OnWebApplicationCondition)

   WebSocketServletAutoConfiguration.TomcatWebSocketConfiguration matched:
      - @ConditionalOnClass found required classes 'org.apache.catalina.startup.Tomcat', 'org.apache.tomcat.websocket.server.WsSci' (OnClassCondition)

   WebSocketServletAutoConfiguration.TomcatWebSocketConfiguration#websocketServletWebServerCustomizer matched:
      - @ConditionalOnBean (names: websocketServletWebServerCustomizer; SearchStrategy: all) did not find any beans (OnBeanCondition)


Negative matches:
-----------------

   ActiveMQAutoConfiguration:
      Did not match:
         - @ConditionalOnClass did not find required class 'javax.jms.ConnectionFactory' (OnClassCondition)

   AopAutoConfiguration.AspectJAutoProxyingConfiguration:
      Did not match:
         - @ConditionalOnClass did not find required class 'org.aspectj.weaver.Advice' (OnClassCondition)

   ArtemisAutoConfiguration:
      Did not match:
         - @ConditionalOnClass did not find required class 'javax.jms.ConnectionFactory' (OnClassCondition)

   BatchAutoConfiguration:
      Did not match:
         - @ConditionalOnClass did not find required class 'org.springframework.batch.core.launch.JobLauncher' (OnClassCondition)

   CacheAutoConfiguration:
      Did not match:
         - @ConditionalOnBean (types: org.springframework.cache.interceptor.CacheAspectSupport; SearchStrategy: all) did not find any beans of type org.springframework.cache.interceptor.CacheAspectSupport (OnBeanCondition)
      Matched:
         - @ConditionalOnClass found required class 'org.springframework.cache.CacheManager' (OnClassCondition)

   CacheAutoConfiguration.CacheManagerEntityManagerFactoryDependsOnPostProcessor:
      Did not match:
         - @ConditionalOnClass did not find required class 'org.springframework.orm.jpa.LocalContainerEntityManagerFactoryBean' (OnClassCondition)
         - Ancestor org.springframework.boot.autoconfigure.cache.CacheAutoConfiguration did not match (ConditionEvaluationReport.AncestorsMatchedCondition)

   CaffeineCacheConfiguration:
      Did not match:
         - @ConditionalOnClass did not find required classes 'com.github.benmanes.caffeine.cache.Caffeine', 'org.springframework.cache.caffeine.CaffeineCacheManager' (OnClassCondition)

   CassandraAutoConfiguration:
      Did not match:
         - @ConditionalOnClass did not find required class 'com.datastax.driver.core.Cluster' (OnClassCondition)

   CassandraDataAutoConfiguration:
      Did not match:
         - @ConditionalOnClass did not find required class 'com.datastax.driver.core.Cluster' (OnClassCondition)

   CassandraReactiveDataAutoConfiguration:
      Did not match:
         - @ConditionalOnClass did not find required class 'com.datastax.driver.core.Cluster' (OnClassCondition)

   CassandraReactiveRepositoriesAutoConfiguration:
      Did not match:
         - @ConditionalOnClass did not find required class 'org.springframework.data.cassandra.ReactiveSession' (OnClassCondition)

   CassandraRepositoriesAutoConfiguration:
      Did not match:
         - @ConditionalOnClass did not find required class 'com.datastax.driver.core.Session' (OnClassCondition)

   ClientHttpConnectorAutoConfiguration:
      Did not match:
         - @ConditionalOnClass did not find required class 'org.springframework.web.reactive.function.client.WebClient' (OnClassCondition)

   CloudServiceConnectorsAutoConfiguration:
      Did not match:
         - @ConditionalOnClass did not find required class 'org.springframework.cloud.config.java.CloudScanConfiguration' (OnClassCondition)

   CodecsAutoConfiguration:
      Did not match:
         - @ConditionalOnClass did not find required class 'org.springframework.web.reactive.function.client.WebClient' (OnClassCondition)

   CouchbaseAutoConfiguration:
      Did not match:
         - @ConditionalOnClass did not find required class 'com.couchbase.client.java.Cluster' (OnClassCondition)

   CouchbaseCacheConfiguration:
      Did not match:
         - @ConditionalOnClass did not find required classes 'com.couchbase.client.java.Bucket', 'com.couchbase.client.spring.cache.CouchbaseCacheManager' (OnClassCondition)

   CouchbaseDataAutoConfiguration:
      Did not match:
         - @ConditionalOnClass did not find required class 'com.couchbase.client.java.Bucket' (OnClassCondition)

   CouchbaseReactiveDataAutoConfiguration:
      Did not match:
         - @ConditionalOnClass did not find required class 'com.couchbase.client.java.Bucket' (OnClassCondition)

   CouchbaseReactiveRepositoriesAutoConfiguration:
      Did not match:
         - @ConditionalOnClass did not find required class 'com.couchbase.client.java.Bucket' (OnClassCondition)

   CouchbaseRepositoriesAutoConfiguration:
      Did not match:
         - @ConditionalOnClass did not find required class 'com.couchbase.client.java.Bucket' (OnClassCondition)

   DataSourceAutoConfiguration:
      Did not match:
         - @ConditionalOnClass did not find required class 'org.springframework.jdbc.datasource.embedded.EmbeddedDatabaseType' (OnClassCondition)

   DataSourceTransactionManagerAutoConfiguration:
      Did not match:
         - @ConditionalOnClass did not find required class 'org.springframework.jdbc.core.JdbcTemplate' (OnClassCondition)

   DispatcherServletAutoConfiguration.DispatcherServletConfiguration#multipartResolver:
      Did not match:
         - @ConditionalOnBean (types: org.springframework.web.multipart.MultipartResolver; SearchStrategy: all) did not find any beans of type org.springframework.web.multipart.MultipartResolver (OnBeanCondition)

   EhCacheCacheConfiguration:
      Did not match:
         - @ConditionalOnClass did not find required classes 'net.sf.ehcache.Cache', 'org.springframework.cache.ehcache.EhCacheCacheManager' (OnClassCondition)

   ElasticsearchAutoConfiguration:
      Did not match:
         - @ConditionalOnClass did not find required class 'org.elasticsearch.client.Client' (OnClassCondition)

   ElasticsearchDataAutoConfiguration:
      Did not match:
         - @ConditionalOnClass did not find required class 'org.springframework.data.elasticsearch.core.ElasticsearchTemplate' (OnClassCondition)

   ElasticsearchRepositoriesAutoConfiguration:
      Did not match:
         - @ConditionalOnClass did not find required class 'org.elasticsearch.client.Client' (OnClassCondition)

   EmbeddedLdapAutoConfiguration:
      Did not match:
         - @ConditionalOnClass did not find required class 'com.unboundid.ldap.listener.InMemoryDirectoryServer' (OnClassCondition)

   EmbeddedMongoAutoConfiguration:
      Did not match:
         - @ConditionalOnClass did not find required class 'com.mongodb.MongoClient' (OnClassCondition)

   EmbeddedWebServerFactoryCustomizerAutoConfiguration.JettyWebServerFactoryCustomizerConfiguration:
      Did not match:
         - @ConditionalOnClass did not find required classes 'org.eclipse.jetty.server.Server', 'org.eclipse.jetty.util.Loader', 'org.eclipse.jetty.webapp.WebAppContext' (OnClassCondition)

   EmbeddedWebServerFactoryCustomizerAutoConfiguration.NettyWebServerFactoryCustomizerConfiguration:
      Did not match:
         - @ConditionalOnClass did not find required class 'reactor.netty.http.server.HttpServer' (OnClassCondition)

   EmbeddedWebServerFactoryCustomizerAutoConfiguration.UndertowWebServerFactoryCustomizerConfiguration:
      Did not match:
         - @ConditionalOnClass did not find required classes 'io.undertow.Undertow', 'org.xnio.SslClientAuthMode' (OnClassCondition)

   ErrorWebFluxAutoConfiguration:
      Did not match:
         - @ConditionalOnClass did not find required class 'org.springframework.web.reactive.config.WebFluxConfigurer' (OnClassCondition)

   FlywayAutoConfiguration:
      Did not match:
         - @ConditionalOnClass did not find required class 'org.flywaydb.core.Flyway' (OnClassCondition)

   FreeMarkerAutoConfiguration:
      Did not match:
         - @ConditionalOnClass did not find required class 'freemarker.template.Configuration' (OnClassCondition)

   GroovyTemplateAutoConfiguration:
      Did not match:
         - @ConditionalOnClass did not find required class 'groovy.text.markup.MarkupTemplateEngine' (OnClassCondition)

   GsonAutoConfiguration:
      Did not match:
         - @ConditionalOnClass did not find required class 'com.google.gson.Gson' (OnClassCondition)

   GsonHttpMessageConvertersConfiguration:
      Did not match:
         - @ConditionalOnClass did not find required class 'com.google.gson.Gson' (OnClassCondition)

   H2ConsoleAutoConfiguration:
      Did not match:
         - @ConditionalOnClass did not find required class 'org.h2.server.web.WebServlet' (OnClassCondition)

   HazelcastAutoConfiguration:
      Did not match:
         - @ConditionalOnClass did not find required class 'com.hazelcast.core.HazelcastInstance' (OnClassCondition)

   HazelcastCacheConfiguration:
      Did not match:
         - @ConditionalOnClass did not find required classes 'com.hazelcast.core.HazelcastInstance', 'com.hazelcast.spring.cache.HazelcastCacheManager' (OnClassCondition)

   HazelcastJpaDependencyAutoConfiguration:
      Did not match:
         - @ConditionalOnClass did not find required class 'com.hazelcast.core.HazelcastInstance' (OnClassCondition)

   HibernateJpaAutoConfiguration:
      Did not match:
         - @ConditionalOnClass did not find required class 'javax.persistence.EntityManager' (OnClassCondition)

   HttpHandlerAutoConfiguration:
      Did not match:
         - @ConditionalOnClass did not find required class 'org.springframework.web.reactive.DispatcherHandler' (OnClassCondition)

   HypermediaAutoConfiguration.HypermediaConfiguration:
      Did not match:
         - @ConditionalOnBean (types: org.springframework.hateoas.client.LinkDiscoverers; SearchStrategy: all) found beans of type 'org.springframework.hateoas.client.LinkDiscoverers' linkDiscoverers (OnBeanCondition)
      Matched:
         - @ConditionalOnClass found required class 'com.fasterxml.jackson.databind.ObjectMapper' (OnClassCondition)

   InfinispanCacheConfiguration:
      Did not match:
         - @ConditionalOnClass did not find required class 'org.infinispan.spring.embedded.provider.SpringEmbeddedCacheManager' (OnClassCondition)

   InfluxDbAutoConfiguration:
      Did not match:
         - @ConditionalOnClass did not find required class 'org.influxdb.InfluxDB' (OnClassCondition)

   IntegrationAutoConfiguration:
      Did not match:
         - @ConditionalOnClass did not find required class 'org.springframework.integration.config.EnableIntegration' (OnClassCondition)

   JCacheCacheConfiguration:
      Did not match:
         - @ConditionalOnClass did not find required classes 'javax.cache.Caching', 'org.springframework.cache.jcache.JCacheCacheManager' (OnClassCondition)

   JacksonAutoConfiguration.JodaDateTimeJacksonConfiguration:
      Did not match:
         - @ConditionalOnClass did not find required classes 'org.joda.time.DateTime', 'com.fasterxml.jackson.datatype.joda.ser.DateTimeSerializer', 'com.fasterxml.jackson.datatype.joda.cfg.JacksonJodaDateFormat' (OnClassCondition)

   JacksonHttpMessageConvertersConfiguration.MappingJackson2XmlHttpMessageConverterConfiguration:
      Did not match:
         - @ConditionalOnClass did not find required class 'com.fasterxml.jackson.dataformat.xml.XmlMapper' (OnClassCondition)

   JdbcRepositoriesAutoConfiguration:
      Did not match:
         - @ConditionalOnClass did not find required class 'org.springframework.data.jdbc.repository.config.AbstractJdbcConfiguration' (OnClassCondition)

   JdbcTemplateAutoConfiguration:
      Did not match:
         - @ConditionalOnClass did not find required class 'org.springframework.jdbc.core.JdbcTemplate' (OnClassCondition)

   JerseyAutoConfiguration:
      Did not match:
         - @ConditionalOnClass did not find required class 'org.glassfish.jersey.server.spring.SpringComponentProvider' (OnClassCondition)

   JestAutoConfiguration:
      Did not match:
         - @ConditionalOnClass did not find required class 'io.searchbox.client.JestClient' (OnClassCondition)

   JmsAutoConfiguration:
      Did not match:
         - @ConditionalOnClass did not find required class 'javax.jms.Message' (OnClassCondition)

   JmxAutoConfiguration:
      Did not match:
         - @ConditionalOnProperty (spring.jmx.enabled=true) did not find property 'enabled' (OnPropertyCondition)
      Matched:
         - @ConditionalOnClass found required class 'org.springframework.jmx.export.MBeanExporter' (OnClassCondition)

   JndiConnectionFactoryAutoConfiguration:
      Did not match:
         - @ConditionalOnClass did not find required class 'org.springframework.jms.core.JmsTemplate' (OnClassCondition)

   JndiDataSourceAutoConfiguration:
      Did not match:
         - @ConditionalOnClass did not find required class 'org.springframework.jdbc.datasource.embedded.EmbeddedDatabaseType' (OnClassCondition)

   JooqAutoConfiguration:
      Did not match:
         - @ConditionalOnClass did not find required class 'org.jooq.DSLContext' (OnClassCondition)

   JpaRepositoriesAutoConfiguration:
      Did not match:
         - @ConditionalOnClass did not find required class 'org.springframework.data.jpa.repository.JpaRepository' (OnClassCondition)

   JsonbAutoConfiguration:
      Did not match:
         - @ConditionalOnClass did not find required class 'javax.json.bind.Jsonb' (OnClassCondition)

   JsonbHttpMessageConvertersConfiguration:
      Did not match:
         - @ConditionalOnClass did not find required class 'javax.json.bind.Jsonb' (OnClassCondition)

   JtaAutoConfiguration:
      Did not match:
         - @ConditionalOnClass did not find required class 'javax.transaction.Transaction' (OnClassCondition)

   KafkaAutoConfiguration:
      Did not match:
         - @ConditionalOnClass did not find required class 'org.springframework.kafka.core.KafkaTemplate' (OnClassCondition)

   LdapAutoConfiguration:
      Did not match:
         - @ConditionalOnClass did not find required class 'org.springframework.ldap.core.ContextSource' (OnClassCondition)

   LdapRepositoriesAutoConfiguration:
      Did not match:
         - @ConditionalOnClass did not find required class 'org.springframework.data.ldap.repository.LdapRepository' (OnClassCondition)

   LiquibaseAutoConfiguration:
      Did not match:
         - @ConditionalOnClass did not find required class 'liquibase.change.DatabaseChange' (OnClassCondition)

   MailSenderAutoConfiguration:
      Did not match:
         - @ConditionalOnClass did not find required class 'javax.activation.MimeType' (OnClassCondition)

   MailSenderValidatorAutoConfiguration:
      Did not match:
         - @ConditionalOnSingleCandidate did not find required type 'org.springframework.mail.javamail.JavaMailSenderImpl' (OnBeanCondition)

   MessageSourceAutoConfiguration:
      Did not match:
         - ResourceBundle did not find bundle with basename messages (MessageSourceAutoConfiguration.ResourceBundleCondition)

   MongoAutoConfiguration:
      Did not match:
         - @ConditionalOnClass did not find required class 'com.mongodb.MongoClient' (OnClassCondition)

   MongoDataAutoConfiguration:
      Did not match:
         - @ConditionalOnClass did not find required class 'com.mongodb.client.MongoClient' (OnClassCondition)

   MongoReactiveAutoConfiguration:
      Did not match:
         - @ConditionalOnClass did not find required class 'com.mongodb.reactivestreams.client.MongoClient' (OnClassCondition)

   MongoReactiveDataAutoConfiguration:
      Did not match:
         - @ConditionalOnClass did not find required class 'com.mongodb.reactivestreams.client.MongoClient' (OnClassCondition)

   MongoReactiveRepositoriesAutoConfiguration:
      Did not match:
         - @ConditionalOnClass did not find required class 'com.mongodb.reactivestreams.client.MongoClient' (OnClassCondition)

   MongoRepositoriesAutoConfiguration:
      Did not match:
         - @ConditionalOnClass did not find required class 'com.mongodb.MongoClient' (OnClassCondition)

   MustacheAutoConfiguration:
      Did not match:
         - @ConditionalOnClass did not find required class 'com.samskivert.mustache.Mustache' (OnClassCondition)

   Neo4jDataAutoConfiguration:
      Did not match:
         - @ConditionalOnClass did not find required class 'org.neo4j.ogm.session.SessionFactory' (OnClassCondition)

   Neo4jRepositoriesAutoConfiguration:
      Did not match:
         - @ConditionalOnClass did not find required class 'org.neo4j.ogm.session.Neo4jSession' (OnClassCondition)

   OAuth2ClientAutoConfiguration:
      Did not match:
         - @ConditionalOnClass did not find required class 'org.springframework.security.config.annotation.web.configuration.EnableWebSecurity' (OnClassCondition)

   OAuth2ResourceServerAutoConfiguration.JwtConfiguration:
      Did not match:
         - @ConditionalOnClass did not find required classes 'org.springframework.security.oauth2.server.resource.authentication.JwtAuthenticationToken', 'org.springframework.security.oauth2.jwt.JwtDecoder' (OnClassCondition)

   OAuth2ResourceServerAutoConfiguration.OpaqueTokenConfiguration:
      Did not match:
         - @ConditionalOnClass did not find required classes 'org.springframework.security.oauth2.server.resource.BearerTokenAuthenticationToken', 'org.springframework.security.oauth2.server.resource.introspection.OpaqueTokenIntrospector' (OnClassCondition)

   ProjectInfoAutoConfiguration#buildProperties:
      Did not match:
         - @ConditionalOnResource did not find resource '${spring.info.build.location:classpath:META-INF/build-info.properties}' (OnResourceCondition)

   ProjectInfoAutoConfiguration#gitProperties:
      Did not match:
         - GitResource did not find git info at classpath:git.properties (ProjectInfoAutoConfiguration.GitResourceAvailableCondition)

   QuartzAutoConfiguration:
      Did not match:
         - @ConditionalOnClass did not find required class 'org.quartz.Scheduler' (OnClassCondition)

   RSocketMessagingAutoConfiguration:
      Did not match:
         - @ConditionalOnClass did not find required class 'io.rsocket.RSocketFactory' (OnClassCondition)

   RSocketRequesterAutoConfiguration:
      Did not match:
         - @ConditionalOnClass did not find required class 'io.rsocket.RSocketFactory' (OnClassCondition)

   RSocketSecurityAutoConfiguration:
      Did not match:
         - @ConditionalOnClass did not find required class 'org.springframework.security.rsocket.core.SecuritySocketAcceptorInterceptor' (OnClassCondition)

   RSocketServerAutoConfiguration:
      Did not match:
         - @ConditionalOnClass did not find required class 'io.rsocket.RSocketFactory' (OnClassCondition)

   RSocketStrategiesAutoConfiguration:
      Did not match:
         - @ConditionalOnClass did not find required class 'io.netty.buffer.PooledByteBufAllocator' (OnClassCondition)

   RabbitAutoConfiguration:
      Did not match:
         - @ConditionalOnClass did not find required class 'com.rabbitmq.client.Channel' (OnClassCondition)

   ReactiveElasticsearchRepositoriesAutoConfiguration:
      Did not match:
         - @ConditionalOnClass did not find required class 'org.springframework.data.elasticsearch.client.reactive.ReactiveElasticsearchClient' (OnClassCondition)

   ReactiveOAuth2ClientAutoConfiguration:
      Did not match:
         - @ConditionalOnClass did not find required class 'reactor.core.publisher.Flux' (OnClassCondition)

   ReactiveOAuth2ResourceServerAutoConfiguration:
      Did not match:
         - @ConditionalOnClass did not find required class 'org.springframework.security.config.annotation.web.reactive.EnableWebFluxSecurity' (OnClassCondition)

   ReactiveRestClientAutoConfiguration:
      Did not match:
         - @ConditionalOnClass did not find required class 'reactor.netty.http.client.HttpClient' (OnClassCondition)

   ReactiveSecurityAutoConfiguration:
      Did not match:
         - @ConditionalOnClass did not find required class 'reactor.core.publisher.Flux' (OnClassCondition)

   ReactiveUserDetailsServiceAutoConfiguration:
      Did not match:
         - @ConditionalOnClass did not find required class 'org.springframework.security.authentication.ReactiveAuthenticationManager' (OnClassCondition)

   ReactiveWebServerFactoryAutoConfiguration:
      Did not match:
         - @ConditionalOnWebApplication did not find reactive web application classes (OnWebApplicationCondition)

   RedisAutoConfiguration:
      Did not match:
         - @ConditionalOnClass did not find required class 'org.springframework.data.redis.core.RedisOperations' (OnClassCondition)

   RedisCacheConfiguration:
      Did not match:
         - @ConditionalOnClass did not find required class 'org.springframework.data.redis.connection.RedisConnectionFactory' (OnClassCondition)

   RedisReactiveAutoConfiguration:
      Did not match:
         - @ConditionalOnClass did not find required class 'reactor.core.publisher.Flux' (OnClassCondition)

   RedisRepositoriesAutoConfiguration:
      Did not match:
         - @ConditionalOnClass did not find required class 'org.springframework.data.redis.repository.configuration.EnableRedisRepositories' (OnClassCondition)

   RestClientAutoConfiguration:
      Did not match:
         - @ConditionalOnClass did not find required class 'org.elasticsearch.client.RestClient' (OnClassCondition)

   Saml2RelyingPartyAutoConfiguration:
      Did not match:
         - @ConditionalOnClass did not find required class 'org.springframework.security.saml2.provider.service.registration.RelyingPartyRegistrationRepository' (OnClassCondition)

   SecurityAutoConfiguration:
      Did not match:
         - @ConditionalOnClass did not find required class 'org.springframework.security.authentication.DefaultAuthenticationEventPublisher' (OnClassCondition)

   SecurityFilterAutoConfiguration:
      Did not match:
         - @ConditionalOnClass did not find required class 'org.springframework.security.config.http.SessionCreationPolicy' (OnClassCondition)

   SendGridAutoConfiguration:
      Did not match:
         - @ConditionalOnClass did not find required class 'com.sendgrid.SendGrid' (OnClassCondition)

   ServletWebServerFactoryAutoConfiguration#forwardedHeaderFilter:
      Did not match:
         - @ConditionalOnProperty (server.forward-headers-strategy=framework) did not find property 'server.forward-headers-strategy' (OnPropertyCondition)

   ServletWebServerFactoryConfiguration.EmbeddedJetty:
      Did not match:
         - @ConditionalOnClass did not find required classes 'org.eclipse.jetty.server.Server', 'org.eclipse.jetty.util.Loader', 'org.eclipse.jetty.webapp.WebAppContext' (OnClassCondition)

   ServletWebServerFactoryConfiguration.EmbeddedUndertow:
      Did not match:
         - @ConditionalOnClass did not find required classes 'io.undertow.Undertow', 'org.xnio.SslClientAuthMode' (OnClassCondition)

   SessionAutoConfiguration:
      Did not match:
         - @ConditionalOnClass did not find required class 'org.springframework.session.Session' (OnClassCondition)

   SolrAutoConfiguration:
      Did not match:
         - @ConditionalOnClass did not find required class 'org.apache.solr.client.solrj.impl.CloudSolrClient' (OnClassCondition)

   SolrRepositoriesAutoConfiguration:
      Did not match:
         - @ConditionalOnClass did not find required class 'org.apache.solr.client.solrj.SolrClient' (OnClassCondition)

   SpringApplicationAdminJmxAutoConfiguration:
      Did not match:
         - @ConditionalOnProperty (spring.application.admin.enabled=true) did not find property 'enabled' (OnPropertyCondition)

   SpringDataWebAutoConfiguration:
      Did not match:
         - @ConditionalOnBean (types: org.springframework.data.web.PageableHandlerMethodArgumentResolver; SearchStrategy: all) found beans of type 'org.springframework.data.web.PageableHandlerMethodArgumentResolver' pageableResolver (OnBeanCondition)
      Matched:
         - @ConditionalOnClass found required classes 'org.springframework.data.web.PageableHandlerMethodArgumentResolver', 'org.springframework.web.servlet.config.annotation.WebMvcConfigurer' (OnClassCondition)
         - found 'session' scope (OnWebApplicationCondition)

   TaskSchedulingAutoConfiguration#taskScheduler:
      Did not match:
         - @ConditionalOnBean (names: org.springframework.context.annotation.internalScheduledAnnotationProcessor; SearchStrategy: all) did not find any beans named org.springframework.context.annotation.internalScheduledAnnotationProcessor (OnBeanCondition)

   ThymeleafAutoConfiguration:
      Did not match:
         - @ConditionalOnClass did not find required class 'org.thymeleaf.spring5.SpringTemplateEngine' (OnClassCondition)

   TransactionAutoConfiguration#transactionalOperator:
      Did not match:
         - @ConditionalOnBean (types: org.springframework.transaction.ReactiveTransactionManager; SearchStrategy: all) did not find any beans (OnBeanCondition)

   TransactionAutoConfiguration.EnableTransactionManagementConfiguration:
      Did not match:
         - @ConditionalOnBean (types: org.springframework.transaction.TransactionManager; SearchStrategy: all) did not find any beans of type org.springframework.transaction.TransactionManager (OnBeanCondition)

   TransactionAutoConfiguration.EnableTransactionManagementConfiguration.CglibAutoProxyConfiguration:
      Did not match:
         - Ancestor org.springframework.boot.autoconfigure.transaction.TransactionAutoConfiguration$EnableTransactionManagementConfiguration did not match (ConditionEvaluationReport.AncestorsMatchedCondition)
      Matched:
         - @ConditionalOnProperty (spring.aop.proxy-target-class=true) matched (OnPropertyCondition)

   TransactionAutoConfiguration.EnableTransactionManagementConfiguration.JdkDynamicAutoProxyConfiguration:
      Did not match:
         - @ConditionalOnProperty (spring.aop.proxy-target-class=false) did not find property 'proxy-target-class' (OnPropertyCondition)
         - Ancestor org.springframework.boot.autoconfigure.transaction.TransactionAutoConfiguration$EnableTransactionManagementConfiguration did not match (ConditionEvaluationReport.AncestorsMatchedCondition)

   TransactionAutoConfiguration.TransactionTemplateConfiguration:
      Did not match:
         - @ConditionalOnBean (types: org.springframework.transaction.PlatformTransactionManager; SearchStrategy: all) did not find any beans (OnBeanCondition)

   UserDetailsServiceAutoConfiguration:
      Did not match:
         - @ConditionalOnClass did not find required class 'org.springframework.security.authentication.AuthenticationManager' (OnClassCondition)

   WebClientAutoConfiguration:
      Did not match:
         - @ConditionalOnClass did not find required class 'org.springframework.web.reactive.function.client.WebClient' (OnClassCondition)

   WebFluxAutoConfiguration:
      Did not match:
         - @ConditionalOnClass did not find required class 'org.springframework.web.reactive.config.WebFluxConfigurer' (OnClassCondition)

   WebMvcAutoConfiguration#hiddenHttpMethodFilter:
      Did not match:
         - @ConditionalOnProperty (spring.mvc.hiddenmethod.filter.enabled) did not find property 'enabled' (OnPropertyCondition)

   WebMvcAutoConfiguration.ResourceChainCustomizerConfiguration:
      Did not match:
         - @ConditionalOnEnabledResourceChain did not find class org.webjars.WebJarAssetLocator (OnEnabledResourceChainCondition)

   WebMvcAutoConfiguration.WebMvcAutoConfigurationAdapter#beanNameViewResolver:
      Did not match:
         - @ConditionalOnBean (types: org.springframework.web.servlet.view.BeanNameViewResolver; SearchStrategy: all) found beans of type 'org.springframework.web.servlet.view.BeanNameViewResolver' beanNameViewResolver (OnBeanCondition)

   WebMvcAutoConfiguration.WebMvcAutoConfigurationAdapter#localeResolver:
      Did not match:
         - @ConditionalOnProperty (spring.mvc.locale) did not find property 'locale' (OnPropertyCondition)

   WebServiceTemplateAutoConfiguration:
      Did not match:
         - @ConditionalOnClass did not find required class 'org.springframework.oxm.Marshaller' (OnClassCondition)

   WebServicesAutoConfiguration:
      Did not match:
         - @ConditionalOnClass did not find required class 'org.springframework.ws.transport.http.MessageDispatcherServlet' (OnClassCondition)

   WebSocketMessagingAutoConfiguration:
      Did not match:
         - @ConditionalOnClass did not find required class 'org.springframework.web.socket.config.annotation.WebSocketMessageBrokerConfigurer' (OnClassCondition)

   WebSocketReactiveAutoConfiguration:
      Did not match:
         - @ConditionalOnWebApplication did not find reactive web application classes (OnWebApplicationCondition)

   WebSocketServletAutoConfiguration.JettyWebSocketConfiguration:
      Did not match:
         - @ConditionalOnClass did not find required class 'org.eclipse.jetty.websocket.jsr356.server.deploy.WebSocketServerContainerInitializer' (OnClassCondition)

   WebSocketServletAutoConfiguration.UndertowWebSocketConfiguration:
      Did not match:
         - @ConditionalOnClass did not find required class 'io.undertow.websockets.jsr.Bootstrap' (OnClassCondition)

   XADataSourceAutoConfiguration:
      Did not match:
         - @ConditionalOnClass did not find required class 'javax.transaction.TransactionManager' (OnClassCondition)


Exclusions:
-----------

    None


Unconditional classes:
----------------------

    org.springframework.boot.autoconfigure.context.ConfigurationPropertiesAutoConfiguration

    org.springframework.boot.autoconfigure.context.PropertyPlaceholderAutoConfiguration

    org.springframework.boot.autoconfigure.info.ProjectInfoAutoConfiguration



[2m2025-10-22 14:35:40.850[0;39m [32m INFO[0;39m [35m56413[0;39m [2m---[0;39m [2m[           main][0;39m [36mo.s.b.w.embedded.tomcat.TomcatWebServer [0;39m [2m:[0;39m Tomcat started on port(s): 8443 (https) with context path ''
[2m2025-10-22 14:35:40.852[0;39m [32m INFO[0;39m [35m56413[0;39m [2m---[0;39m [2m[           main][0;39m [36mcom.snhu.sslserver.SslServerApplication [0;39m [2m:[0;39m Started SslServerApplication in 1.087 seconds (JVM running for 1.245)
WARNING: A terminally deprecated method in sun.misc.Unsafe has been called
WARNING: sun.misc.Unsafe::invokeCleaner has been called by org.apache.tomcat.util.buf.ByteBufferUtils (jar:file:/Users/mehdisalhi/Downloads/ssl-server_student/target/ssl-server-0.0.1-SNAPSHOT.jar!/BOOT-INF/lib/tomcat-embed-core-9.0.30.jar!/)
WARNING: Please consider reporting this to the maintainers of class org.apache.tomcat.util.buf.ByteBufferUtils
WARNING: sun.misc.Unsafe::invokeCleaner will be removed in a future release
[2m2025-10-22 14:36:11.928[0;39m [32m INFO[0;39m [35m56413[0;39m [2m---[0;39m [2m[nio-8443-exec-4][0;39m [36mo.a.c.c.C.[Tomcat].[localhost].[/]      [0;39m [2m:[0;39m Initializing Spring DispatcherServlet 'dispatcherServlet'
[2m2025-10-22 14:36:11.928[0;39m [32m INFO[0;39m [35m56413[0;39m [2m---[0;39m [2m[nio-8443-exec-4][0;39m [36mo.s.web.servlet.DispatcherServlet       [0;39m [2m:[0;39m Initializing Servlet 'dispatcherServlet'
[2m2025-10-22 14:36:11.928[0;39m [32mDEBUG[0;39m [35m56413[0;39m [2m---[0;39m [2m[nio-8443-exec-4][0;39m [36mo.s.web.servlet.DispatcherServlet       [0;39m [2m:[0;39m Detected StandardServletMultipartResolver
[2m2025-10-22 14:36:11.933[0;39m [32mDEBUG[0;39m [35m56413[0;39m [2m---[0;39m [2m[nio-8443-exec-4][0;39m [36mo.s.web.servlet.DispatcherServlet       [0;39m [2m:[0;39m enableLoggingRequestDetails='false': request parameters and headers will be masked to prevent unsafe logging of potentially sensitive data
[2m2025-10-22 14:36:11.934[0;39m [32m INFO[0;39m [35m56413[0;39m [2m---[0;39m [2m[nio-8443-exec-4][0;39m [36mo.s.web.servlet.DispatcherServlet       [0;39m [2m:[0;39m Completed initialization in 5 ms
[2m2025-10-22 14:36:11.937[0;39m [32mDEBUG[0;39m [35m56413[0;39m [2m---[0;39m [2m[nio-8443-exec-4][0;39m [36mo.s.web.servlet.DispatcherServlet       [0;39m [2m:[0;39m GET "/hash", parameters={}
[2m2025-10-22 14:36:11.938[0;39m [32mDEBUG[0;39m [35m56413[0;39m [2m---[0;39m [2m[nio-8443-exec-4][0;39m [36ms.w.s.m.m.a.RequestMappingHandlerMapping[0;39m [2m:[0;39m Mapped to com.snhu.sslserver.ServerController#getChecksum()
[2m2025-10-22 14:36:11.946[0;39m [32mDEBUG[0;39m [35m56413[0;39m [2m---[0;39m [2m[nio-8443-exec-4][0;39m [36mm.m.a.RequestResponseBodyMethodProcessor[0;39m [2m:[0;39m Using 'text/plain', given [*/*] and supported [text/plain, */*, text/plain, */*, application/json, application/*+json, application/json, application/*+json]
[2m2025-10-22 14:36:11.946[0;39m [32mDEBUG[0;39m [35m56413[0;39m [2m---[0;39m [2m[nio-8443-exec-4][0;39m [36mm.m.a.RequestResponseBodyMethodProcessor[0;39m [2m:[0;39m Writing ["<html><body><h1>Checksum Verification</h1><p><strong>Data:</strong> Hello World Check Sum!</p><p><s (truncated)...]
[2m2025-10-22 14:36:11.950[0;39m [32mDEBUG[0;39m [35m56413[0;39m [2m---[0;39m [2m[nio-8443-exec-4][0;39m [36mo.s.web.servlet.DispatcherServlet       [0;39m [2m:[0;39m Completed 200 OK
[2m2025-10-22 14:36:50.279[0;39m [32mDEBUG[0;39m [35m56413[0;39m [2m---[0;39m [2m[nio-8443-exec-7][0;39m [36mo.s.web.servlet.DispatcherServlet       [0;39m [2m:[0;39m GET "/hash", parameters={}
[2m2025-10-22 14:36:50.280[0;39m [32mDEBUG[0;39m [35m56413[0;39m [2m---[0;39m [2m[nio-8443-exec-7][0;39m [36ms.w.s.m.m.a.RequestMappingHandlerMapping[0;39m [2m:[0;39m Mapped to com.snhu.sslserver.ServerController#getChecksum()
[2m2025-10-22 14:36:50.282[0;39m [32mDEBUG[0;39m [35m56413[0;39m [2m---[0;39m [2m[nio-8443-exec-7][0;39m [36mm.m.a.RequestResponseBodyMethodProcessor[0;39m [2m:[0;39m Using 'text/html', given [text/html, application/xhtml+xml, image/avif, image/webp, image/apng, application/xml;q=0.9, application/signed-exchange;v=b3;q=0.7, */*;q=0.8] and supported [text/plain, */*, text/plain, */*, application/json, application/*+json, application/json, application/*+json]
[2m2025-10-22 14:36:50.282[0;39m [32mDEBUG[0;39m [35m56413[0;39m [2m---[0;39m [2m[nio-8443-exec-7][0;39m [36mm.m.a.RequestResponseBodyMethodProcessor[0;39m [2m:[0;39m Writing ["<html><body><h1>Checksum Verification</h1><p><strong>Data:</strong> Hello World Check Sum!</p><p><s (truncated)...]
[2m2025-10-22 14:36:50.283[0;39m [32mDEBUG[0;39m [35m56413[0;39m [2m---[0;39m [2m[nio-8443-exec-7][0;39m [36mo.s.web.servlet.DispatcherServlet       [0;39m [2m:[0;39m Completed 200 OK
[2m2025-10-22 14:39:35.252[0;39m [32mDEBUG[0;39m [35m56413[0;39m [2m---[0;39m [2m[nio-8443-exec-8][0;39m [36mo.s.web.servlet.DispatcherServlet       [0;39m [2m:[0;39m GET "/hash", parameters={}
[2m2025-10-22 14:39:35.252[0;39m [32mDEBUG[0;39m [35m56413[0;39m [2m---[0;39m [2m[nio-8443-exec-8][0;39m [36ms.w.s.m.m.a.RequestMappingHandlerMapping[0;39m [2m:[0;39m Mapped to com.snhu.sslserver.ServerController#getChecksum()
[2m2025-10-22 14:39:35.253[0;39m [32mDEBUG[0;39m [35m56413[0;39m [2m---[0;39m [2m[nio-8443-exec-8][0;39m [36mm.m.a.RequestResponseBodyMethodProcessor[0;39m [2m:[0;39m Using 'text/html', given [text/html, application/xhtml+xml, image/avif, image/webp, image/apng, application/xml;q=0.9, application/signed-exchange;v=b3;q=0.7, */*;q=0.8] and supported [text/plain, */*, text/plain, */*, application/json, application/*+json, application/json, application/*+json]
[2m2025-10-22 14:39:35.253[0;39m [32mDEBUG[0;39m [35m56413[0;39m [2m---[0;39m [2m[nio-8443-exec-8][0;39m [36mm.m.a.RequestResponseBodyMethodProcessor[0;39m [2m:[0;39m Writing ["<html><body><h1>Checksum Verification</h1><p><strong>Data:</strong> Hello World Check Sum!</p><p><s (truncated)...]
[2m2025-10-22 14:39:35.254[0;39m [32mDEBUG[0;39m [35m56413[0;39m [2m---[0;39m [2m[nio-8443-exec-8][0;39m [36mo.s.web.servlet.DispatcherServlet       [0;39m [2m:[0;39m Completed 200 OK
[2m2025-10-22 14:51:18.561[0;39m [32mDEBUG[0;39m [35m56413[0;39m [2m---[0;39m [2m[nio-8443-exec-4][0;39m [36mo.s.web.servlet.DispatcherServlet       [0;39m [2m:[0;39m GET "/hash", parameters={}
[2m2025-10-22 14:51:18.562[0;39m [32mDEBUG[0;39m [35m56413[0;39m [2m---[0;39m [2m[nio-8443-exec-4][0;39m [36ms.w.s.m.m.a.RequestMappingHandlerMapping[0;39m [2m:[0;39m Mapped to com.snhu.sslserver.ServerController#getChecksum()
[2m2025-10-22 14:51:18.564[0;39m [32mDEBUG[0;39m [35m56413[0;39m [2m---[0;39m [2m[nio-8443-exec-4][0;39m [36mm.m.a.RequestResponseBodyMethodProcessor[0;39m [2m:[0;39m Using 'text/plain', given [*/*] and supported [text/plain, */*, text/plain, */*, application/json, application/*+json, application/json, application/*+json]
[2m2025-10-22 14:51:18.564[0;39m [32mDEBUG[0;39m [35m56413[0;39m [2m---[0;39m [2m[nio-8443-exec-4][0;39m [36mm.m.a.RequestResponseBodyMethodProcessor[0;39m [2m:[0;39m Writing ["<html><body><h1>Checksum Verification</h1><p><strong>Data:</strong> Hello World Check Sum!</p><p><s (truncated)...]
[2m2025-10-22 14:51:18.564[0;39m [32mDEBUG[0;39m [35m56413[0;39m [2m---[0;39m [2m[nio-8443-exec-4][0;39m [36mo.s.web.servlet.DispatcherServlet       [0;39m [2m:[0;39m Completed 200 OK
[2m2025-10-22 14:52:49.749[0;39m [32mDEBUG[0;39m [35m56413[0;39m [2m---[0;39m [2m[nio-8443-exec-9][0;39m [36mo.s.web.servlet.DispatcherServlet       [0;39m [2m:[0;39m GET "/hash", parameters={}
[2m2025-10-22 14:52:49.749[0;39m [32mDEBUG[0;39m [35m56413[0;39m [2m---[0;39m [2m[nio-8443-exec-9][0;39m [36ms.w.s.m.m.a.RequestMappingHandlerMapping[0;39m [2m:[0;39m Mapped to com.snhu.sslserver.ServerController#getChecksum()
[2m2025-10-22 14:52:49.749[0;39m [32mDEBUG[0;39m [35m56413[0;39m [2m---[0;39m [2m[nio-8443-exec-9][0;39m [36mm.m.a.RequestResponseBodyMethodProcessor[0;39m [2m:[0;39m Using 'text/plain', given [*/*] and supported [text/plain, */*, text/plain, */*, application/json, application/*+json, application/json, application/*+json]
[2m2025-10-22 14:52:49.749[0;39m [32mDEBUG[0;39m [35m56413[0;39m [2m---[0;39m [2m[nio-8443-exec-9][0;39m [36mm.m.a.RequestResponseBodyMethodProcessor[0;39m [2m:[0;39m Writing ["<html><body><h1>Checksum Verification</h1><p><strong>Data:</strong> Hello World Check Sum!</p><p><s (truncated)...]
[2m2025-10-22 14:52:49.750[0;39m [32mDEBUG[0;39m [35m56413[0;39m [2m---[0;39m [2m[nio-8443-exec-9][0;39m [36mo.s.web.servlet.DispatcherServlet       [0;39m [2m:[0;39m Completed 200 OK
[2m2025-10-22 14:54:11.268[0;39m [32mDEBUG[0;39m [35m56413[0;39m [2m---[0;39m [2m[nio-8443-exec-1][0;39m [36mo.s.web.servlet.DispatcherServlet       [0;39m [2m:[0;39m GET "/hash", parameters={}
[2m2025-10-22 14:54:11.268[0;39m [32mDEBUG[0;39m [35m56413[0;39m [2m---[0;39m [2m[nio-8443-exec-1][0;39m [36ms.w.s.m.m.a.RequestMappingHandlerMapping[0;39m [2m:[0;39m Mapped to com.snhu.sslserver.ServerController#getChecksum()
[2m2025-10-22 14:54:11.269[0;39m [32mDEBUG[0;39m [35m56413[0;39m [2m---[0;39m [2m[nio-8443-exec-1][0;39m [36mm.m.a.RequestResponseBodyMethodProcessor[0;39m [2m:[0;39m Using 'text/html', given [text/html, application/xhtml+xml, image/avif, image/webp, image/apng, application/xml;q=0.9, application/signed-exchange;v=b3;q=0.7, */*;q=0.8] and supported [text/plain, */*, text/plain, */*, application/json, application/*+json, application/json, application/*+json]
[2m2025-10-22 14:54:11.269[0;39m [32mDEBUG[0;39m [35m56413[0;39m [2m---[0;39m [2m[nio-8443-exec-1][0;39m [36mm.m.a.RequestResponseBodyMethodProcessor[0;39m [2m:[0;39m Writing ["<html><body><h1>Checksum Verification</h1><p><strong>Data:</strong> Hello World Check Sum!</p><p><s (truncated)...]
[2m2025-10-22 14:54:11.272[0;39m [32mDEBUG[0;39m [35m56413[0;39m [2m---[0;39m [2m[nio-8443-exec-1][0;39m [36mo.s.web.servlet.DispatcherServlet       [0;39m [2m:[0;39m Completed 200 OK
[2m2025-10-22 14:54:17.439[0;39m [32mDEBUG[0;39m [35m56413[0;39m [2m---[0;39m [2m[nio-8443-exec-2][0;39m [36mo.s.web.servlet.DispatcherServlet       [0;39m [2m:[0;39m GET "/.well-known/appspecific/com.chrome.devtools.json", parameters={}
[2m2025-10-22 14:54:17.452[0;39m [32mDEBUG[0;39m [35m56413[0;39m [2m---[0;39m [2m[nio-8443-exec-2][0;39m [36mo.s.w.s.handler.SimpleUrlHandlerMapping [0;39m [2m:[0;39m Mapped to ResourceHttpRequestHandler ["classpath:/META-INF/resources/", "classpath:/resources/", "classpath:/static/", "classpath:/public/", "/"]
[2m2025-10-22 14:54:17.455[0;39m [32mDEBUG[0;39m [35m56413[0;39m [2m---[0;39m [2m[nio-8443-exec-2][0;39m [36mo.s.w.s.r.ResourceHttpRequestHandler    [0;39m [2m:[0;39m Resource not found
[2m2025-10-22 14:54:17.455[0;39m [32mDEBUG[0;39m [35m56413[0;39m [2m---[0;39m [2m[nio-8443-exec-2][0;39m [36mo.s.web.servlet.DispatcherServlet       [0;39m [2m:[0;39m Completed 404 NOT_FOUND
[2m2025-10-22 14:54:17.458[0;39m [32mDEBUG[0;39m [35m56413[0;39m [2m---[0;39m [2m[nio-8443-exec-2][0;39m [36mo.s.web.servlet.DispatcherServlet       [0;39m [2m:[0;39m "ERROR" dispatch for GET "/error", parameters={}
[2m2025-10-22 14:54:17.458[0;39m [32mDEBUG[0;39m [35m56413[0;39m [2m---[0;39m [2m[nio-8443-exec-2][0;39m [36ms.w.s.m.m.a.RequestMappingHandlerMapping[0;39m [2m:[0;39m Mapped to org.springframework.boot.autoconfigure.web.servlet.error.BasicErrorController#error(HttpServletRequest)
[2m2025-10-22 14:54:17.463[0;39m [32mDEBUG[0;39m [35m56413[0;39m [2m---[0;39m [2m[nio-8443-exec-2][0;39m [36mo.s.w.s.m.m.a.HttpEntityMethodProcessor [0;39m [2m:[0;39m Using 'application/hal+json', given [*/*] and supported [application/hal+json]
[2m2025-10-22 14:54:17.466[0;39m [32mDEBUG[0;39m [35m56413[0;39m [2m---[0;39m [2m[nio-8443-exec-2][0;39m [36mo.s.w.s.m.m.a.HttpEntityMethodProcessor [0;39m [2m:[0;39m Writing [{timestamp=Wed Oct 22 14:54:17 EDT 2025, status=404, error=Not Found, message=No message available,  (truncated)...]
[2m2025-10-22 14:54:17.486[0;39m [32mDEBUG[0;39m [35m56413[0;39m [2m---[0;39m [2m[nio-8443-exec-2][0;39m [36mo.s.web.servlet.DispatcherServlet       [0;39m [2m:[0;39m Exiting from "ERROR" dispatch, status 404
[2m2025-10-22 14:54:44.873[0;39m [32mDEBUG[0;39m [35m56413[0;39m [2m---[0;39m [2m[nio-8443-exec-6][0;39m [36mo.s.web.servlet.DispatcherServlet       [0;39m [2m:[0;39m GET "/hash", parameters={}
[2m2025-10-22 14:54:44.874[0;39m [32mDEBUG[0;39m [35m56413[0;39m [2m---[0;39m [2m[nio-8443-exec-6][0;39m [36ms.w.s.m.m.a.RequestMappingHandlerMapping[0;39m [2m:[0;39m Mapped to com.snhu.sslserver.ServerController#getChecksum()
[2m2025-10-22 14:54:44.874[0;39m [32mDEBUG[0;39m [35m56413[0;39m [2m---[0;39m [2m[nio-8443-exec-6][0;39m [36mm.m.a.RequestResponseBodyMethodProcessor[0;39m [2m:[0;39m Using 'text/html', given [text/html, application/xhtml+xml, image/avif, image/webp, image/apng, application/xml;q=0.9, application/signed-exchange;v=b3;q=0.7, */*;q=0.8] and supported [text/plain, */*, text/plain, */*, application/json, application/*+json, application/json, application/*+json]
[2m2025-10-22 14:54:44.874[0;39m [32mDEBUG[0;39m [35m56413[0;39m [2m---[0;39m [2m[nio-8443-exec-6][0;39m [36mm.m.a.RequestResponseBodyMethodProcessor[0;39m [2m:[0;39m Writing ["<html><body><h1>Checksum Verification</h1><p><strong>Data:</strong> Hello World Check Sum!</p><p><s (truncated)...]
[2m2025-10-22 14:54:44.875[0;39m [32mDEBUG[0;39m [35m56413[0;39m [2m---[0;39m [2m[nio-8443-exec-6][0;39m [36mo.s.web.servlet.DispatcherServlet       [0;39m [2m:[0;39m Completed 200 OK
[2m2025-10-22 14:54:44.892[0;39m [32mDEBUG[0;39m [35m56413[0;39m [2m---[0;39m [2m[nio-8443-exec-5][0;39m [36mo.s.web.servlet.DispatcherServlet       [0;39m [2m:[0;39m GET "/.well-known/appspecific/com.chrome.devtools.json", parameters={}
[2m2025-10-22 14:54:44.893[0;39m [32mDEBUG[0;39m [35m56413[0;39m [2m---[0;39m [2m[nio-8443-exec-5][0;39m [36mo.s.w.s.handler.SimpleUrlHandlerMapping [0;39m [2m:[0;39m Mapped to ResourceHttpRequestHandler ["classpath:/META-INF/resources/", "classpath:/resources/", "classpath:/static/", "classpath:/public/", "/"]
[2m2025-10-22 14:54:44.895[0;39m [32mDEBUG[0;39m [35m56413[0;39m [2m---[0;39m [2m[nio-8443-exec-5][0;39m [36mo.s.w.s.r.ResourceHttpRequestHandler    [0;39m [2m:[0;39m Resource not found
[2m2025-10-22 14:54:44.895[0;39m [32mDEBUG[0;39m [35m56413[0;39m [2m---[0;39m [2m[nio-8443-exec-5][0;39m [36mo.s.web.servlet.DispatcherServlet       [0;39m [2m:[0;39m Completed 404 NOT_FOUND
[2m2025-10-22 14:54:44.896[0;39m [32mDEBUG[0;39m [35m56413[0;39m [2m---[0;39m [2m[nio-8443-exec-5][0;39m [36mo.s.web.servlet.DispatcherServlet       [0;39m [2m:[0;39m "ERROR" dispatch for GET "/error", parameters={}
[2m2025-10-22 14:54:44.896[0;39m [32mDEBUG[0;39m [35m56413[0;39m [2m---[0;39m [2m[nio-8443-exec-5][0;39m [36ms.w.s.m.m.a.RequestMappingHandlerMapping[0;39m [2m:[0;39m Mapped to org.springframework.boot.autoconfigure.web.servlet.error.BasicErrorController#error(HttpServletRequest)
[2m2025-10-22 14:54:44.896[0;39m [32mDEBUG[0;39m [35m56413[0;39m [2m---[0;39m [2m[nio-8443-exec-5][0;39m [36mo.s.w.s.m.m.a.HttpEntityMethodProcessor [0;39m [2m:[0;39m Using 'application/hal+json', given [*/*] and supported [application/hal+json]
[2m2025-10-22 14:54:44.896[0;39m [32mDEBUG[0;39m [35m56413[0;39m [2m---[0;39m [2m[nio-8443-exec-5][0;39m [36mo.s.w.s.m.m.a.HttpEntityMethodProcessor [0;39m [2m:[0;39m Writing [{timestamp=Wed Oct 22 14:54:44 EDT 2025, status=404, error=Not Found, message=No message available,  (truncated)...]
[2m2025-10-22 14:54:44.897[0;39m [32mDEBUG[0;39m [35m56413[0;39m [2m---[0;39m [2m[nio-8443-exec-5][0;39m [36mo.s.web.servlet.DispatcherServlet       [0;39m [2m:[0;39m Exiting from "ERROR" dispatch, status 404
